CRITICAL - 2021-05-08 08:00:35 --> The framework needs the following extension(s) installed and loaded: {0}.
#0 C:\xampp\htdocs\mis_adjustment\system\CodeIgniter.php(224): CodeIgniter\Exceptions\FrameworkException::forMissingExtension('intl')
#1 C:\xampp\htdocs\mis_adjustment\system\CodeIgniter.php(172): CodeIgniter\CodeIgniter->resolvePlatformExtensions()
#2 C:\xampp\htdocs\mis_adjustment\system\bootstrap.php(159): CodeIgniter\CodeIgniter->initialize()
#3 C:\xampp\htdocs\mis_adjustment\public\index.php(35): require('C:\\xampp\\htdocs...')
#4 {main}
CRITICAL - 2021-05-08 08:00:46 --> The framework needs the following extension(s) installed and loaded: {0}.
#0 C:\xampp\htdocs\mis_adjustment\system\CodeIgniter.php(224): CodeIgniter\Exceptions\FrameworkException::forMissingExtension('intl')
#1 C:\xampp\htdocs\mis_adjustment\system\CodeIgniter.php(172): CodeIgniter\CodeIgniter->resolvePlatformExtensions()
#2 C:\xampp\htdocs\mis_adjustment\system\bootstrap.php(159): CodeIgniter\CodeIgniter->initialize()
#3 C:\xampp\htdocs\mis_adjustment\public\index.php(35): require('C:\\xampp\\htdocs...')
#4 {main}
CRITICAL - 2021-05-08 08:01:16 --> The framework needs the following extension(s) installed and loaded: {0}.
#0 C:\xampp\htdocs\mis_adjustment\system\CodeIgniter.php(224): CodeIgniter\Exceptions\FrameworkException::forMissingExtension('intl')
#1 C:\xampp\htdocs\mis_adjustment\system\CodeIgniter.php(172): CodeIgniter\CodeIgniter->resolvePlatformExtensions()
#2 C:\xampp\htdocs\mis_adjustment\system\bootstrap.php(159): CodeIgniter\CodeIgniter->initialize()
#3 C:\xampp\htdocs\mis_adjustment\public\index.php(35): require('C:\\xampp\\htdocs...')
#4 {main}
CRITICAL - 2021-05-08 08:01:24 --> The framework needs the following extension(s) installed and loaded: {0}.
#0 C:\xampp\htdocs\mis_adjustment\system\CodeIgniter.php(224): CodeIgniter\Exceptions\FrameworkException::forMissingExtension('intl')
#1 C:\xampp\htdocs\mis_adjustment\system\CodeIgniter.php(172): CodeIgniter\CodeIgniter->resolvePlatformExtensions()
#2 C:\xampp\htdocs\mis_adjustment\system\bootstrap.php(159): CodeIgniter\CodeIgniter->initialize()
#3 C:\xampp\htdocs\mis_adjustment\public\index.php(35): require('C:\\xampp\\htdocs...')
#4 {main}
CRITICAL - 2021-05-08 08:03:23 --> The framework needs the following extension(s) installed and loaded: {0}.
#0 C:\xampp\htdocs\mis_adjustment\system\CodeIgniter.php(224): CodeIgniter\Exceptions\FrameworkException::forMissingExtension('intl')
#1 C:\xampp\htdocs\mis_adjustment\system\CodeIgniter.php(172): CodeIgniter\CodeIgniter->resolvePlatformExtensions()
#2 C:\xampp\htdocs\mis_adjustment\system\bootstrap.php(159): CodeIgniter\CodeIgniter->initialize()
#3 C:\xampp\htdocs\mis_adjustment\public\index.php(35): require('C:\\xampp\\htdocs...')
#4 {main}
CRITICAL - 2021-05-08 08:03:24 --> The framework needs the following extension(s) installed and loaded: {0}.
#0 C:\xampp\htdocs\mis_adjustment\system\CodeIgniter.php(224): CodeIgniter\Exceptions\FrameworkException::forMissingExtension('intl')
#1 C:\xampp\htdocs\mis_adjustment\system\CodeIgniter.php(172): CodeIgniter\CodeIgniter->resolvePlatformExtensions()
#2 C:\xampp\htdocs\mis_adjustment\system\bootstrap.php(159): CodeIgniter\CodeIgniter->initialize()
#3 C:\xampp\htdocs\mis_adjustment\public\index.php(35): require('C:\\xampp\\htdocs...')
#4 {main}
CRITICAL - 2021-05-08 08:03:38 --> The framework needs the following extension(s) installed and loaded: {0}.
#0 C:\xampp\htdocs\mis_adjustment\system\CodeIgniter.php(224): CodeIgniter\Exceptions\FrameworkException::forMissingExtension('intl')
#1 C:\xampp\htdocs\mis_adjustment\system\CodeIgniter.php(172): CodeIgniter\CodeIgniter->resolvePlatformExtensions()
#2 C:\xampp\htdocs\mis_adjustment\system\bootstrap.php(159): CodeIgniter\CodeIgniter->initialize()
#3 C:\xampp\htdocs\mis_adjustment\public\index.php(35): require('C:\\xampp\\htdocs...')
#4 {main}
CRITICAL - 2021-05-08 08:06:45 --> The framework needs the following extension(s) installed and loaded: {0}.
#0 C:\xampp\htdocs\mis_adjustment\system\CodeIgniter.php(224): CodeIgniter\Exceptions\FrameworkException::forMissingExtension('intl')
#1 C:\xampp\htdocs\mis_adjustment\system\CodeIgniter.php(172): CodeIgniter\CodeIgniter->resolvePlatformExtensions()
#2 C:\xampp\htdocs\mis_adjustment\system\bootstrap.php(159): CodeIgniter\CodeIgniter->initialize()
#3 C:\xampp\htdocs\mis_adjustment\public\index.php(35): require('C:\\xampp\\htdocs...')
#4 {main}
CRITICAL - 2021-05-08 02:45:42 --> Invalid file: adjustments/script.php
#0 C:\xampp\htdocs\mis_adjustment\system\View\View.php(203): CodeIgniter\Exceptions\FrameworkException::forInvalidFile('adjustments/scr...')
#1 C:\xampp\htdocs\mis_adjustment\system\Common.php(1217): CodeIgniter\View\View->render('adjustments/scr...', Array, true)
#2 C:\xampp\htdocs\mis_adjustment\app\Controllers\Adjustment.php(15): view('adjustments/scr...')
#3 C:\xampp\htdocs\mis_adjustment\system\CodeIgniter.php(936): App\Controllers\Adjustment->index()
#4 C:\xampp\htdocs\mis_adjustment\system\CodeIgniter.php(432): CodeIgniter\CodeIgniter->runController(Object(App\Controllers\Adjustment))
#5 C:\xampp\htdocs\mis_adjustment\system\CodeIgniter.php(333): CodeIgniter\CodeIgniter->handleRequest(NULL, Object(Config\Cache), false)
#6 C:\xampp\htdocs\mis_adjustment\public\index.php(44): CodeIgniter\CodeIgniter->run()
#7 {main}
CRITICAL - 2021-05-08 02:46:43 --> Invalid file: adjustment/footer.php
#0 C:\xampp\htdocs\mis_adjustment\system\View\View.php(203): CodeIgniter\Exceptions\FrameworkException::forInvalidFile('adjustment/foot...')
#1 C:\xampp\htdocs\mis_adjustment\system\Common.php(1217): CodeIgniter\View\View->render('adjustment/foot...', Array, true)
#2 C:\xampp\htdocs\mis_adjustment\app\Controllers\Adjustment.php(16): view('adjustment/foot...')
#3 C:\xampp\htdocs\mis_adjustment\system\CodeIgniter.php(936): App\Controllers\Adjustment->index()
#4 C:\xampp\htdocs\mis_adjustment\system\CodeIgniter.php(432): CodeIgniter\CodeIgniter->runController(Object(App\Controllers\Adjustment))
#5 C:\xampp\htdocs\mis_adjustment\system\CodeIgniter.php(333): CodeIgniter\CodeIgniter->handleRequest(NULL, Object(Config\Cache), false)
#6 C:\xampp\htdocs\mis_adjustment\public\index.php(44): CodeIgniter\CodeIgniter->run()
#7 {main}
CRITICAL - 2021-05-08 10:47:02 --> Class 'CodeIgniter\Cache\CacheFactory' not found
#0 C:\xampp\htdocs\mis_adjustment\system\Config\BaseService.php(100): CodeIgniter\Config\Services::cache(Object(Config\Cache), false)
#1 C:\xampp\htdocs\mis_adjustment\system\Config\Services.php(103): CodeIgniter\Config\BaseService::getSharedInstance('cache', NULL)
#2 C:\xampp\htdocs\mis_adjustment\system\Config\BaseService.php(171): CodeIgniter\Config\Services::cache()
#3 C:\xampp\htdocs\mis_adjustment\system\Common.php(71): CodeIgniter\Config\BaseService::__callStatic('cache', Array)
#4 C:\xampp\htdocs\mis_adjustment\system\CodeIgniter.php(658): cache()
#5 C:\xampp\htdocs\mis_adjustment\system\CodeIgniter.php(319): CodeIgniter\CodeIgniter->displayCache(Object(Config\Cache))
#6 C:\xampp\htdocs\mis_adjustment\public\index.php(44): CodeIgniter\CodeIgniter->run()
#7 {main}
